0 info it worked if it ends with ok
1 verbose cli [ 'C:\\tools\\nodejs\\\\node.exe',
1 verbose cli   'C:\\tools\\nodejs\\node_modules\\npm\\bin\\npm-cli.js',
1 verbose cli   'install',
1 verbose cli   'git://github.com/davidstutz/bootstrap-multiselect.git',
1 verbose cli   '--save' ]
2 info using npm@1.4.28
3 info using node@v0.10.33
4 verbose node symlink C:\tools\nodejs\\node.exe
5 verbose readDependencies using package.json deps
6 verbose cache add [ 'git://github.com/davidstutz/bootstrap-multiselect.git',
6 verbose cache add   null ]
7 verbose cache add name=undefined spec="git://github.com/davidstutz/bootstrap-multiselect.git" args=["git://github.com/davidstutz/bootstrap-multiselect.git",null]
8 verbose parsed url { protocol: 'git:',
8 verbose parsed url   slashes: true,
8 verbose parsed url   auth: null,
8 verbose parsed url   host: 'github.com',
8 verbose parsed url   port: null,
8 verbose parsed url   hostname: 'github.com',
8 verbose parsed url   hash: null,
8 verbose parsed url   search: null,
8 verbose parsed url   query: null,
8 verbose parsed url   pathname: '/davidstutz/bootstrap-multiselect.git',
8 verbose parsed url   path: '/davidstutz/bootstrap-multiselect.git',
8 verbose parsed url   href: 'git://github.com/davidstutz/bootstrap-multiselect.git' }
9 silly lockFile 24edb25a-dstutz-bootstrap-multiselect-git git://github.com/davidstutz/bootstrap-multiselect.git
10 verbose lock git://github.com/davidstutz/bootstrap-multiselect.git C:\Users\Rafal\AppData\Roaming\npm-cache\24edb25a-dstutz-bootstrap-multiselect-git.lock
11 verbose addRemoteGit [ 'git://github.com/davidstutz/bootstrap-multiselect.git',
11 verbose addRemoteGit   'master' ]
12 verbose git clone git://github.com/davidstutz/bootstrap-multiselect.git Cloning into bare repository 'C:\Users\Rafal\AppData\Roaming\npm-cache\_git-remotes\git-github-com-davidstutz-bootstrap-multiselect-git-24edb25a'...
13 verbose git fetch -a origin (git://github.com/davidstutz/bootstrap-multiselect.git)
14 silly verifyOwnership skipping for windows
15 verbose git rev-list -n1 master f9290260d90e22398df877522ec05f230bc9490d
16 verbose resolved git url git://github.com/davidstutz/bootstrap-multiselect.git#f9290260d90e22398df877522ec05f230bc9490d
17 verbose tar unpack C:\Users\Rafal\AppData\Local\Temp\npm-8888-eTsieTNv\1428582344364-0.7494325053412467\tmp.tgz
18 silly lockFile d9519769--7494325053412467-tmp-tgz-unpack tar://C:\Users\Rafal\AppData\Local\Temp\npm-8888-eTsieTNv\1428582344364-0.7494325053412467\tmp.tgz-unpack
19 verbose lock tar://C:\Users\Rafal\AppData\Local\Temp\npm-8888-eTsieTNv\1428582344364-0.7494325053412467\tmp.tgz-unpack C:\Users\Rafal\AppData\Roaming\npm-cache\d9519769--7494325053412467-tmp-tgz-unpack.lock
20 silly lockFile 6337d2f6-44364-0-7494325053412467-tmp-tgz tar://C:\Users\Rafal\AppData\Local\Temp\npm-8888-eTsieTNv\1428582344364-0.7494325053412467\tmp.tgz
21 verbose lock tar://C:\Users\Rafal\AppData\Local\Temp\npm-8888-eTsieTNv\1428582344364-0.7494325053412467\tmp.tgz C:\Users\Rafal\AppData\Roaming\npm-cache\6337d2f6-44364-0-7494325053412467-tmp-tgz.lock
22 silly gunzTarPerm modes [ '777', '666' ]
23 silly gunzTarPerm extractEntry
24 silly gunzTarPerm modified mode [ '', 509, 511 ]
25 silly gunzTarPerm extractEntry .gitignore
26 silly gunzTarPerm modified mode [ '.gitignore', 436, 438 ]
27 silly gunzTarPerm extractEntry LICENSE.md
28 silly gunzTarPerm modified mode [ 'LICENSE.md', 436, 438 ]
29 silly gunzTarPerm extractEntry README.md
30 silly gunzTarPerm modified mode [ 'README.md', 436, 438 ]
31 silly gunzTarPerm extractEntry bower.json
32 silly gunzTarPerm modified mode [ 'bower.json', 436, 438 ]
33 silly gunzTarPerm extractEntry dist/
34 silly gunzTarPerm modified mode [ 'dist/', 509, 511 ]
35 silly gunzTarPerm extractEntry dist/css/
36 silly gunzTarPerm modified mode [ 'dist/css/', 509, 511 ]
37 silly gunzTarPerm extractEntry dist/css/bootstrap-multiselect.css
38 silly gunzTarPerm modified mode [ 'dist/css/bootstrap-multiselect.css', 436, 438 ]
39 silly gunzTarPerm extractEntry dist/js/
40 silly gunzTarPerm modified mode [ 'dist/js/', 509, 511 ]
41 silly gunzTarPerm extractEntry dist/js/bootstrap-multiselect.js
42 silly gunzTarPerm modified mode [ 'dist/js/bootstrap-multiselect.js', 436, 438 ]
43 silly gunzTarPerm extractEntry dist/less/
44 silly gunzTarPerm modified mode [ 'dist/less/', 509, 511 ]
45 silly gunzTarPerm extractEntry dist/less/bootstrap-multiselect.less
46 silly gunzTarPerm modified mode [ 'dist/less/bootstrap-multiselect.less', 436, 438 ]
47 silly gunzTarPerm extractEntry docs/
48 silly gunzTarPerm modified mode [ 'docs/', 509, 511 ]
49 silly gunzTarPerm extractEntry docs/css/
50 silly gunzTarPerm modified mode [ 'docs/css/', 509, 511 ]
51 silly gunzTarPerm extractEntry docs/css/bootstrap-3.3.2.min.css
52 silly gunzTarPerm modified mode [ 'docs/css/bootstrap-3.3.2.min.css', 436, 438 ]
53 silly gunzTarPerm extractEntry docs/css/bootstrap-example.css
54 silly gunzTarPerm modified mode [ 'docs/css/bootstrap-example.css', 436, 438 ]
55 silly gunzTarPerm extractEntry docs/css/prettify.css
56 silly gunzTarPerm modified mode [ 'docs/css/prettify.css', 436, 438 ]
57 silly gunzTarPerm extractEntry docs/fonts/
58 silly gunzTarPerm modified mode [ 'docs/fonts/', 509, 511 ]
59 silly gunzTarPerm extractEntry docs/fonts/glyphicons-halflings-regular.eot
60 silly gunzTarPerm modified mode [ 'docs/fonts/glyphicons-halflings-regular.eot', 509, 511 ]
61 silly gunzTarPerm extractEntry docs/fonts/glyphicons-halflings-regular.svg
62 silly gunzTarPerm modified mode [ 'docs/fonts/glyphicons-halflings-regular.svg', 509, 511 ]
63 silly gunzTarPerm extractEntry docs/fonts/glyphicons-halflings-regular.ttf
64 silly gunzTarPerm modified mode [ 'docs/fonts/glyphicons-halflings-regular.ttf', 509, 511 ]
65 silly gunzTarPerm extractEntry docs/fonts/glyphicons-halflings-regular.woff
66 silly gunzTarPerm modified mode [ 'docs/fonts/glyphicons-halflings-regular.woff', 509, 511 ]
67 silly gunzTarPerm extractEntry docs/fonts/glyphicons-halflings-regular.woff2
68 silly gunzTarPerm modified mode [ 'docs/fonts/glyphicons-halflings-regular.woff2', 436, 438 ]
69 silly gunzTarPerm extractEntry docs/js/
70 silly gunzTarPerm modified mode [ 'docs/js/', 509, 511 ]
71 silly gunzTarPerm extractEntry docs/js/bootstrap-3.3.2.min.js
72 silly gunzTarPerm modified mode [ 'docs/js/bootstrap-3.3.2.min.js', 436, 438 ]
73 silly gunzTarPerm extractEntry docs/js/jquery-2.1.3.min.js
74 silly gunzTarPerm modified mode [ 'docs/js/jquery-2.1.3.min.js', 436, 438 ]
75 silly gunzTarPerm extractEntry docs/js/prettify.js
76 silly gunzTarPerm modified mode [ 'docs/js/prettify.js', 436, 438 ]
77 silly gunzTarPerm extractEntry docs/less/
78 silly gunzTarPerm modified mode [ 'docs/less/', 509, 511 ]
79 silly gunzTarPerm extractEntry docs/less/bootstrap-example.less
80 silly gunzTarPerm modified mode [ 'docs/less/bootstrap-example.less', 436, 438 ]
81 silly gunzTarPerm extractEntry example.png
82 silly gunzTarPerm modified mode [ 'example.png', 436, 438 ]
83 silly gunzTarPerm extractEntry index.html
84 silly gunzTarPerm modified mode [ 'index.html', 436, 438 ]
85 silly gunzTarPerm extractEntry post.php
86 silly gunzTarPerm modified mode [ 'post.php', 436, 438 ]
87 silly gunzTarPerm extractEntry tests/
88 silly gunzTarPerm modified mode [ 'tests/', 509, 511 ]
89 silly gunzTarPerm extractEntry tests/SpecRunner.html
90 silly gunzTarPerm modified mode [ 'tests/SpecRunner.html', 436, 438 ]
91 silly gunzTarPerm extractEntry tests/lib/
92 silly gunzTarPerm modified mode [ 'tests/lib/', 509, 511 ]
93 silly gunzTarPerm extractEntry tests/lib/MIT.LICENSE
94 silly gunzTarPerm modified mode [ 'tests/lib/MIT.LICENSE', 436, 438 ]
95 silly gunzTarPerm extractEntry tests/lib/jasmine-2.0.2/
96 silly gunzTarPerm modified mode [ 'tests/lib/jasmine-2.0.2/', 509, 511 ]
97 silly gunzTarPerm extractEntry tests/lib/jasmine-2.0.2/boot.js
98 silly gunzTarPerm modified mode [ 'tests/lib/jasmine-2.0.2/boot.js', 436, 438 ]
99 silly gunzTarPerm extractEntry tests/lib/jasmine-2.0.2/console.js
100 silly gunzTarPerm modified mode [ 'tests/lib/jasmine-2.0.2/console.js', 436, 438 ]
101 silly gunzTarPerm extractEntry tests/lib/jasmine-2.0.2/jasmine-html.js
102 silly gunzTarPerm modified mode [ 'tests/lib/jasmine-2.0.2/jasmine-html.js', 436, 438 ]
103 silly gunzTarPerm extractEntry tests/lib/jasmine-2.0.2/jasmine.css
104 silly gunzTarPerm modified mode [ 'tests/lib/jasmine-2.0.2/jasmine.css', 436, 438 ]
105 silly gunzTarPerm extractEntry tests/lib/jasmine-2.0.2/jasmine.js
106 silly gunzTarPerm modified mode [ 'tests/lib/jasmine-2.0.2/jasmine.js', 436, 438 ]
107 silly gunzTarPerm extractEntry tests/lib/jasmine-2.0.2/jasmine_favicon.png
108 silly gunzTarPerm modified mode [ 'tests/lib/jasmine-2.0.2/jasmine_favicon.png', 436, 438 ]
109 silly gunzTarPerm extractEntry tests/spec/
110 silly gunzTarPerm modified mode [ 'tests/spec/', 509, 511 ]
111 silly gunzTarPerm extractEntry tests/spec/bootstrap-multiselect.js
112 silly gunzTarPerm modified mode [ 'tests/spec/bootstrap-multiselect.js', 436, 438 ]
113 silly lockFile d9519769--7494325053412467-tmp-tgz-unpack tar://C:\Users\Rafal\AppData\Local\Temp\npm-8888-eTsieTNv\1428582344364-0.7494325053412467\tmp.tgz-unpack
114 silly lockFile d9519769--7494325053412467-tmp-tgz-unpack tar://C:\Users\Rafal\AppData\Local\Temp\npm-8888-eTsieTNv\1428582344364-0.7494325053412467\tmp.tgz-unpack
115 silly lockFile 6337d2f6-44364-0-7494325053412467-tmp-tgz tar://C:\Users\Rafal\AppData\Local\Temp\npm-8888-eTsieTNv\1428582344364-0.7494325053412467\tmp.tgz
116 silly lockFile 6337d2f6-44364-0-7494325053412467-tmp-tgz tar://C:\Users\Rafal\AppData\Local\Temp\npm-8888-eTsieTNv\1428582344364-0.7494325053412467\tmp.tgz
117 silly lockFile 24edb25a-dstutz-bootstrap-multiselect-git git://github.com/davidstutz/bootstrap-multiselect.git
118 silly lockFile 24edb25a-dstutz-bootstrap-multiselect-git git://github.com/davidstutz/bootstrap-multiselect.git
119 error Error: ENOENT, open 'C:\Users\Rafal\AppData\Local\Temp\npm-8888-eTsieTNv\1428582344364-0.7494325053412467\tmp.tgz-unpack\package.json'
120 error If you need help, you may report this *entire* log,
120 error including the npm and node versions, at:
120 error     <http://github.com/npm/npm/issues>
121 error System Windows_NT 6.2.9200
122 error command "C:\\tools\\nodejs\\\\node.exe" "C:\\tools\\nodejs\\node_modules\\npm\\bin\\npm-cli.js" "install" "git://github.com/davidstutz/bootstrap-multiselect.git" "--save"
123 error cwd C:\sbsdev\glogv
124 error node -v v0.10.33
125 error npm -v 1.4.28
126 error path C:\Users\Rafal\AppData\Local\Temp\npm-8888-eTsieTNv\1428582344364-0.7494325053412467\tmp.tgz-unpack\package.json
127 error code ENOENT
128 error errno 34
129 verbose exit [ 34, true ]
